app/build/intermediates/manifest_merge_blame_file/debug/manifest-merger-blame-debug-report.txt
1<?xml version="1.0" encoding="utf-8"?>
2<manifest xmlns:android="http://schemas.android.com/apk/res/android"
3    xmlns:dist="http://schemas.android.com/apk/distribution"
4    package="com.origen.greeny"
5    android:versionCode="1"
6    android:versionName="1.0" >
7
8    <uses-sdk
9        android:minSdkVersion="21"
9-->src/main/AndroidManifest.xml
10        android:targetSdkVersion="29" />
10-->src/main/AndroidManifest.xml
11
12    <dist:module dist:instant="true" />
12-->src/main/AndroidManifest.xml:6:5-40
12-->src/main/AndroidManifest.xml:6:18-37
13
14    <uses-permission android:name="android.permission.INTERNET" />
14-->src/main/AndroidManifest.xml:8:5-67
14-->src/main/AndroidManifest.xml:8:22-64
15    <uses-permission android:name="android.permission.CAMERA" />
15-->src/main/AndroidManifest.xml:9:5-65
15-->src/main/AndroidManifest.xml:9:22-62
16    <uses-permission android:name="android.permission.ACCESS_NETWORK_STATE" />
16-->src/main/AndroidManifest.xml:10:5-79
16-->src/main/AndroidManifest.xml:10:22-76
17    <uses-permission android:name="android.permission.READ_EXTERNAL_STORAGE" />
17-->src/main/AndroidManifest.xml:11:5-80
17-->src/main/AndroidManifest.xml:11:22-77
18
19    <!-- Don't require camera, as this requires a rear camera. This allows it to work on the Nexus 7 -->
20    <uses-feature
20-->[com.journeyapps:zxing-android-embedded:3.5.0] AndroidManifest.xml:24:5-26:36
21        android:name="android.hardware.camera"
21-->[com.journeyapps:zxing-android-embedded:3.5.0] AndroidManifest.xml:25:9-47
22        android:required="false" />
22-->[com.journeyapps:zxing-android-embedded:3.5.0] AndroidManifest.xml:26:9-33
23    <uses-feature
23-->[com.journeyapps:zxing-android-embedded:3.5.0] AndroidManifest.xml:27:5-29:36
24        android:name="android.hardware.camera.front"
24-->[com.journeyapps:zxing-android-embedded:3.5.0] AndroidManifest.xml:28:9-53
25        android:required="false" /> <!-- TODO replace above two with next line after Android 4.2 -->
25-->[com.journeyapps:zxing-android-embedded:3.5.0] AndroidManifest.xml:29:9-33
26    <!-- <uses-feature android:name="android.hardware.camera.any"/> -->
27    <uses-feature
27-->[com.journeyapps:zxing-android-embedded:3.5.0] AndroidManifest.xml:32:5-34:36
28        android:name="android.hardware.camera.autofocus"
28-->[com.journeyapps:zxing-android-embedded:3.5.0] AndroidManifest.xml:33:9-57
29        android:required="false" />
29-->[com.journeyapps:zxing-android-embedded:3.5.0] AndroidManifest.xml:34:9-33
30    <uses-feature
30-->[com.journeyapps:zxing-android-embedded:3.5.0] AndroidManifest.xml:35:5-37:36
31        android:name="android.hardware.camera.flash"
31-->[com.journeyapps:zxing-android-embedded:3.5.0] AndroidManifest.xml:36:9-53
32        android:required="false" />
32-->[com.journeyapps:zxing-android-embedded:3.5.0] AndroidManifest.xml:37:9-33
33    <uses-feature
33-->[com.journeyapps:zxing-android-embedded:3.5.0] AndroidManifest.xml:38:5-40:36
34        android:name="android.hardware.screen.landscape"
34-->[com.journeyapps:zxing-android-embedded:3.5.0] AndroidManifest.xml:39:9-57
35        android:required="false" />
35-->[com.journeyapps:zxing-android-embedded:3.5.0] AndroidManifest.xml:40:9-33
36    <uses-feature
36-->[com.journeyapps:zxing-android-embedded:3.5.0] AndroidManifest.xml:41:5-43:36
37        android:name="android.hardware.wifi"
37-->[com.journeyapps:zxing-android-embedded:3.5.0] AndroidManifest.xml:42:9-45
38        android:required="false" />
38-->[com.journeyapps:zxing-android-embedded:3.5.0] AndroidManifest.xml:43:9-33
39
40    <application
40-->src/main/AndroidManifest.xml:13:5-39:19
41        android:allowBackup="true"
41-->src/main/AndroidManifest.xml:14:9-35
42        android:appComponentFactory="androidx.core.app.CoreComponentFactory"
42-->[androidx.core:core:1.1.0] AndroidManifest.xml:24:18-86
43        android:debuggable="true"
44        android:icon="@mipmap/ic_launcher"
44-->src/main/AndroidManifest.xml:15:9-43
45        android:label="@string/app_name"
45-->src/main/AndroidManifest.xml:16:9-41
46        android:largeHeap="true"
46-->src/main/AndroidManifest.xml:17:9-33
47        android:roundIcon="@mipmap/ic_launcher_round"
47-->src/main/AndroidManifest.xml:18:9-54
48        android:supportsRtl="true"
48-->src/main/AndroidManifest.xml:19:9-35
49        android:testOnly="true"
50        android:theme="@style/AppTheme"
50-->src/main/AndroidManifest.xml:20:9-40
51        android:usesCleartextTraffic="true" >
51-->src/main/AndroidManifest.xml:21:9-44
52        <activity android:name="com.origen.greeny.MyGardenDetailActivity" />
52-->src/main/AndroidManifest.xml:22:9-69
52-->src/main/AndroidManifest.xml:22:19-57
53        <activity android:name="com.origen.greeny.IotActivity" />
53-->src/main/AndroidManifest.xml:23:9-49
53-->src/main/AndroidManifest.xml:23:19-46
54        <activity android:name="com.origen.greeny.AddActivity" />
54-->src/main/AndroidManifest.xml:24:9-49
54-->src/main/AndroidManifest.xml:24:19-46
55        <activity android:name="com.origen.greeny.TestActivity" />
55-->src/main/AndroidManifest.xml:25:9-50
55-->src/main/AndroidManifest.xml:25:19-47
56        <activity android:name="com.origen.greeny.DetailActivity" />
56-->src/main/AndroidManifest.xml:26:9-52
56-->src/main/AndroidManifest.xml:26:19-49
57        <activity android:name="com.origen.greeny.SoilActivity" />
57-->src/main/AndroidManifest.xml:27:9-50
57-->src/main/AndroidManifest.xml:27:19-47
58        <activity android:name="com.origen.greeny.ScanActivity" />
58-->src/main/AndroidManifest.xml:28:9-50
58-->src/main/AndroidManifest.xml:28:19-47
59        <activity android:name="com.origen.greeny.CommentActivity" />
59-->src/main/AndroidManifest.xml:29:9-53
59-->src/main/AndroidManifest.xml:29:19-50
60        <activity android:name="com.origen.greeny.MainActivity" >
60-->src/main/AndroidManifest.xml:30:9-36:20
60-->src/main/AndroidManifest.xml:30:19-47
61            <intent-filter>
61-->src/main/AndroidManifest.xml:31:13-35:29
62                <action android:name="android.intent.action.MAIN" />
62-->src/main/AndroidManifest.xml:32:17-69
62-->src/main/AndroidManifest.xml:32:25-66
63
64                <category android:name="android.intent.category.LAUNCHER" />
64-->src/main/AndroidManifest.xml:34:17-77
64-->src/main/AndroidManifest.xml:34:27-74
65            </intent-filter>
66        </activity>
67
68        <receiver android:name="com.origen.greeny.Utils.ReminderBroadcast" />
68-->src/main/AndroidManifest.xml:38:9-61
68-->src/main/AndroidManifest.xml:38:19-58
69
70        <activity
70-->[com.journeyapps:zxing-android-embedded:3.5.0] AndroidManifest.xml:46:9-52:63
71            android:name="com.journeyapps.barcodescanner.CaptureActivity"
71-->[com.journeyapps:zxing-android-embedded:3.5.0] AndroidManifest.xml:47:13-74
72            android:clearTaskOnLaunch="true"
72-->[com.journeyapps:zxing-android-embedded:3.5.0] AndroidManifest.xml:48:13-45
73            android:screenOrientation="sensorLandscape"
73-->[com.journeyapps:zxing-android-embedded:3.5.0] AndroidManifest.xml:49:13-56
74            android:stateNotNeeded="true"
74-->[com.journeyapps:zxing-android-embedded:3.5.0] AndroidManifest.xml:50:13-42
75            android:theme="@style/zxing_CaptureTheme"
75-->[com.journeyapps:zxing-android-embedded:3.5.0] AndroidManifest.xml:51:13-54
76            android:windowSoftInputMode="stateAlwaysHidden" />
76-->[com.journeyapps:zxing-android-embedded:3.5.0] AndroidManifest.xml:52:13-60
77    </application>
78
79</manifest>